<?xml version="1.0" encoding="UTF-8"?>
<!-- Generated by org.testng.reporters.JUnitReportReporter -->
<testsuite hostname="Vasu" failures="0" tests="1" name="testng.Test0" time="0.019" errors="0" timestamp="2021-08-16T08:41:09 IST" skipped="0">
  <testcase classname="testng.Test0" name="demo" time="0.019"/>
  <system-out>
    <![CDATA[Hello java
Hello selenium]]>
  </system-out>
</testsuite> <!-- testng.Test0 -->
