<?xml version="1.0" encoding="UTF-8"?>
<!-- Generated by org.testng.reporters.JUnitReportReporter -->
<testsuite hostname="Vasu" failures="0" tests="5" name="testng.Test1" time="0.060" errors="0" timestamp="2021-08-16T09:05:08 IST" skipped="1">
  <testcase classname="testng.Test1" name="status" time="0.005"/>
  <system-out>
    <![CDATA[status]]>
  </system-out>
  <testcase classname="testng.Test1" name="chats" time="0.030"/>
  <system-out>
    <![CDATA[chats]]>
  </system-out>
  <testcase classname="testng.Test1" name="status" time="0.020"/>
  <system-out>
    <![CDATA[status]]>
  </system-out>
  <testcase classname="testng.Test1" name="status" time="0.005"/>
  <system-out>
    <![CDATA[status]]>
  </system-out>
  <testcase classname="testng.Test1" name="calls">
    <skipped/>
  </testcase> <!-- calls -->
  <system-out/>
</testsuite> <!-- testng.Test1 -->
